<?xml version="1.0" encoding="UTF-8"?>
<testsuite xmlns:xsi="http://www.w3.org/2001/XMLSchema-instance" xsi:noNamespaceSchemaLocation="https://maven.apache.org/surefire/maven-surefire-plugin/xsd/surefire-test-report.xsd" name="com.mattu.vendingmachine.dao.VendingMachineDaoImplTest" time="0.428" tests="1" errors="0" skipped="0" failures="1">
  <properties>
[...]
</properties>
  <testcase name="testGetItem" classname="com.mattu.vendingmachine.dao.VendingMachineDaoImplTest" time="0.259">
    <failure message="Item must be null ==&gt; expected: &lt;null&gt; but was: &lt;Item{name=Gum, cost=0.49, numInventoryItems=11}&gt;" type="org.opentest4j.AssertionFailedError"><![CDATA[org.opentest4j.AssertionFailedError: Item must be null ==> expected: <null> but was: <Item{name=Gum, cost=0.49, numInventoryItems=11}>
	at com.mattu.vendingmachine.dao.VendingMachineDaoImplTest.testGetItem(VendingMachineDaoImplTest.java:77)
]]></failure>
  </testcase>
</testsuite>